D:\PROJECT\OBJDETECT\BIN\RELEASE\目标识别.EXE
D:\PROJECT\OBJDETECT\OBJDETECT\GENERATEDFILES\QRC_OBJDETECT.CPP
D:\PROJECT\OBJDETECT\OBJDETECT\GENERATEDFILES\RELEASE\MOC_MAINWINDOW.CPP
D:\PROJECT\OBJDETECT\OBJDETECT\GENERATEDFILES\UI_OBJDETECT.H
D:\PROJECT\OBJDETECT\OBJDETECT\RELEASE\APP.RES
D:\Project\ObjDetect\ObjDetect\Release\cl.command.1.tlog
D:\Project\ObjDetect\ObjDetect\Release\CL.read.1.tlog
D:\Project\ObjDetect\ObjDetect\Release\CL.write.1.tlog
D:\Project\ObjDetect\ObjDetect\Release\custombuild.command.1.tlog
D:\Project\ObjDetect\ObjDetect\Release\custombuild.read.1.tlog
D:\Project\ObjDetect\ObjDetect\Release\custombuild.write.1.tlog
D:\Project\ObjDetect\ObjDetect\Release\link.command.1.tlog
D:\Project\ObjDetect\ObjDetect\Release\link.read.1.tlog
D:\Project\ObjDetect\ObjDetect\Release\link.write.1.tlog
D:\Project\ObjDetect\ObjDetect\Release\link-cvtres.read.1.tlog
D:\Project\ObjDetect\ObjDetect\Release\link-cvtres.write.1.tlog
D:\PROJECT\OBJDETECT\OBJDETECT\RELEASE\MAIN.OBJ
D:\PROJECT\OBJDETECT\OBJDETECT\RELEASE\MAINWINDOW.OBJ
D:\PROJECT\OBJDETECT\OBJDETECT\RELEASE\MOC_MAINWINDOW.OBJ
D:\Project\ObjDetect\ObjDetect\Release\mt.command.1.tlog
D:\Project\ObjDetect\ObjDetect\Release\mt.read.1.tlog
D:\Project\ObjDetect\ObjDetect\Release\mt.write.1.tlog
D:\Project\ObjDetect\ObjDetect\Release\ObjDetect.exe.intermediate.manifest
D:\PROJECT\OBJDETECT\OBJDETECT\RELEASE\QRC_OBJDETECT.OBJ
D:\Project\ObjDetect\ObjDetect\Release\rc.command.1.tlog
D:\Project\ObjDetect\ObjDetect\Release\rc.read.1.tlog
D:\Project\ObjDetect\ObjDetect\Release\rc.write.1.tlog
D:\PROJECT\OBJDETECT\OBJDETECT\RELEASE\目标识别.EXE.INTERMEDIATE.MANIFEST
